<?xml version="1.0" encoding="UTF-8"?>
<testng-results ignored="0" total="1" passed="1" failed="0" skipped="0">
  <reporter-output>
  </reporter-output>
  <suite started-at="2022-09-28T14:38:23 IST" name="Default suite" finished-at="2022-09-28T14:38:23 IST" duration-ms="48">
    <groups>
    </groups>
    <test started-at="2022-09-28T14:38:23 IST" name="Default test" finished-at="2022-09-28T14:38:23 IST" duration-ms="48">
      <class name="GitPractice.gitpractice">
        <test-method signature="gitpracticeTest()[pri:0, instance:GitPractice.gitpractice@776b83cc]" started-at="2022-09-28T14:38:23 IST" name="gitpracticeTest" finished-at="2022-09-28T14:38:23 IST" duration-ms="6" status="PASS">
          <reporter-output>
          </reporter-output>
        </test-method> <!-- gitpracticeTest -->
      </class> <!-- GitPractice.gitpractice -->
    </test> <!-- Default test -->
  </suite> <!-- Default suite -->
</testng-results>
